Requirement already satisfied (use --upgrade to upgrade): requests in /home/cjwu/.local/lib/python2.7/site-packages
Requirement already satisfied (use --upgrade to upgrade): idna<2.8,>=2.5 in /home/cjwu/.local/lib/python2.7/site-packages (from requests)
Requirement already satisfied (use --upgrade to upgrade): chardet<3.1.0,>=3.0.2 in /home/cjwu/.local/lib/python2.7/site-packages (from requests)
Requirement already satisfied (use --upgrade to upgrade): urllib3<1.24,>=1.21.1 in /home/cjwu/.local/lib/python2.7/site-packages (from requests)
Requirement already satisfied (use --upgrade to upgrade): certifi>=2017.4.17 in /home/cjwu/.local/lib/python2.7/site-packages (from requests)
Requirement already satisfied (use --upgrade to upgrade): statsmodels in /home/cjwu/.local/lib/python2.7/site-packages (from -r requirements.txt (line 4))
Requirement already satisfied (use --upgrade to upgrade): seaborn in /home/cjwu/.local/lib/python2.7/site-packages (from -r requirements.txt (line 5))
Requirement already satisfied (use --upgrade to upgrade): scipy in /home/cjwu/.local/lib/python2.7/site-packages (from statsmodels->-r requirements.txt (line 4))
Requirement already satisfied (use --upgrade to upgrade): pandas in /home/cjwu/.local/lib/python2.7/site-packages (from statsmodels->-r requirements.txt (line 4))
Requirement already satisfied (use --upgrade to upgrade): patsy in /home/cjwu/.local/lib/python2.7/site-packages (from statsmodels->-r requirements.txt (line 4))
Requirement already satisfied (use --upgrade to upgrade): numpy>=1.8.2 in /home/cjwu/.local/lib/python2.7/site-packages (from scipy->statsmodels->-r requirements.txt (line 4))
Requirement already satisfied (use --upgrade to upgrade): pytz>=2011k in /home/cjwu/.local/lib/python2.7/site-packages (from pandas->statsmodels->-r requirements.txt (line 4))
Requirement already satisfied (use --upgrade to upgrade): python-dateutil>=2.5.0 in /home/cjwu/.local/lib/python2.7/site-packages (from pandas->statsmodels->-r requirements.txt (line 4))
Requirement already satisfied (use --upgrade to upgrade): six in /home/cjwu/.local/lib/python2.7/site-packages (from patsy->statsmodels->-r requirements.txt (line 4))
starting org.apache.spark.deploy.master.Master, logging to /home/cjwu/.spark/2.3.0/log/spark-8662198-org.apache.spark.deploy.master.Master-1-gra697.out
localhost: starting org.apache.spark.deploy.worker.Worker, logging to /home/cjwu/.spark/2.3.0/log/spark-cjwu-org.apache.spark.deploy.worker.Worker-1-gra697.out

write your message (for stdout) here line1
line2:

Verifying parameters ...
============================================================

Gap_Penalty :  -15
Max_Energy_cutoff :  -15
Max_Score_cutoff :  170
adapter :  none
b_index_path :  /home/cjwu/project/cjwu/gitRepo/mirLibSpark/dbs/ATH_TAIR10/bowtie_index/
bowtie_index_suffix :  ATH_TAIR10
chromosomes :  All
diffguide_file :  /home/cjwu/project/cjwu/gitRepo/mirLibSpark/diffguide_ath.txt
gene_vs_pathway_file :  /home/cjwu/project/cjwu/gitRepo/mirLibSpark/dbs/ATH_TAIR10/ath_gene_vs_pathway.txt
genome_path :  /home/cjwu/project/cjwu/gitRepo/mirLibSpark/dbs/ATH_TAIR10/Genome/
input_path :  /home/cjwu/project/cjwu/gitRepo/mirLibSpark/input_ath/
input_type :  a
known_non_file :  /home/cjwu/project/cjwu/gitRepo/mirLibSpark/dbs/ATH_TAIR10/TAIR10_ncRNA_CDS.gff
limit_len :  18
limit_m_freq :  100
limit_nbLoc :  15
limit_s_freq :  10
mcheck_param :  def
mirdup_limit :  0.98
mirdup_model :  thaliana.model
nbTargets :  100
output_path :  /home/cjwu/project/cjwu/gitRepo/mirLibSpark/output/
pathway_description_file :  /home/cjwu/project/cjwu/gitRepo/mirLibSpark/dbs/ATH_TAIR10/ath_pathway_description.txt
perform_KEGGpathways_enrichment_analysis :  no
perform_differnatial_analysis :  no
pre_flank :  10
pri_l_flank :  500
pri_r_flank :  200
project_path :  /home/cjwu/project/cjwu/gitRepo/mirLibSpark/
sc_appname :  mirLibSpark
sc_execcores :  60
sc_execmemory :  20g
sc_master :  local[*]
sc_mstrmemory :  20g
sc_partition :  20
target_file :  /home/cjwu/project/cjwu/gitRepo/mirLibSpark/dbs/ATH_TAIR10/Arabidopsis_thaliana.TAIR10.cdna.all.fa
temperature :  25
============================================================

infiles:
100.txt
neg_ath1000.txt
high_conf_mature_ath_uniq_raw.txt

====================== mirLibSpark =========================
====================== local-1540648690219 =================
============================================================

2018-10-27 09:58:12.774942 begin time
--Processing of the library:  100.txt
  Start of miRNA prediction...
2018-10-27 09:58:12.775109 start
NB distFile_rdd:  1838879
NB sr_low_rdd:  37224
NB sr_short_rdd:  37162
NB dmask_rdd:  36961
2018-10-27 09:58:17.385272 dmask_rdd
NB mergebowtie_rdd:  34102
2018-10-27 09:58:19.027196 mergebowtie_rdd
NB bowFrq_rdd:  34102
2018-10-27 09:58:19.621628 bowFrq_rdd
NB mr_low_rdd:  32492
NB mr_low_rdd:  1843
2018-10-27 09:58:19.820192 mr_low_rdd
NB nbLoc_rdd:  1742
2018-10-27 09:58:19.916706 flat_rdd
excluKnownNon_rdd distinct:  1742
NB mergeChromosomesResults:  1742
2018-10-27 09:58:45.775082 mergeChromosomesResults_rdd
NB pri_vld_rdd (mircheck):  120
2018-10-27 10:01:29.609471 pri_vld_rdd (mircheck)
NB len300_rdd:  93
NB one_loop_rdd distinct :  77
2018-10-27 10:01:30.239978 pre_fold_rdd
NB pre_vld_rdd distinct (mirdup):  72
2018-10-27 10:01:48.813872 pre_vld_rdd distinct (mirdup)
NB mergeProfileChromo_rdd distinct:  62
NB mergeProfileChromo_rdd NON distinct:  149
2018-10-27 10:04:56.927165 mergeProfileChromo_rdd
2018-10-27 10:04:57.139543 mergeProfileChromo_rdd.collect()
miRNA predcition time for lib  100 :  404.364490032
  End of miRNA prediction     
--Processing of the library:  neg_ath1000.txt
  Start of miRNA prediction...
2018-10-27 10:04:57.175665 start
NB distFile_rdd:  1000
NB sr_low_rdd:  1000
NB sr_short_rdd:  881
NB dmask_rdd:  864
2018-10-27 10:04:57.896022 dmask_rdd
NB mergebowtie_rdd:  862
2018-10-27 10:04:58.685042 mergebowtie_rdd
NB bowFrq_rdd:  862
2018-10-27 10:04:59.152600 bowFrq_rdd
NB mr_low_rdd:  485
NB mr_low_rdd:  485
2018-10-27 10:04:59.422724 mr_low_rdd
NB nbLoc_rdd:  474
2018-10-27 10:04:59.554993 flat_rdd
excluKnownNon_rdd distinct:  474
NB mergeChromosomesResults:  474
2018-10-27 10:05:17.047203 mergeChromosomesResults_rdd
NB pri_vld_rdd (mircheck):  12
2018-10-27 10:05:52.397465 pri_vld_rdd (mircheck)
NB len300_rdd:  10
NB one_loop_rdd distinct :  9
2018-10-27 10:05:52.940022 pre_fold_rdd
NB pre_vld_rdd distinct (mirdup):  5
2018-10-27 10:05:57.324650 pre_vld_rdd distinct (mirdup)
NB mergeProfileChromo_rdd distinct:  3
NB mergeProfileChromo_rdd NON distinct:  4
2018-10-27 10:06:31.626632 mergeProfileChromo_rdd
2018-10-27 10:06:31.818458 mergeProfileChromo_rdd.collect()
miRNA predcition time for lib  neg_ath1000 :  94.642840147
  End of miRNA prediction     
--Processing of the library:  high_conf_mature_ath_uniq_raw.txt
  Start of miRNA prediction...
2018-10-27 10:06:31.823589 start
NB distFile_rdd:  100
NB sr_low_rdd:  100
NB sr_short_rdd:  100
NB dmask_rdd:  100
2018-10-27 10:06:32.444165 dmask_rdd
NB mergebowtie_rdd:  100
2018-10-27 10:06:33.071057 mergebowtie_rdd
NB bowFrq_rdd:  100
2018-10-27 10:06:33.479599 bowFrq_rdd
NB mr_low_rdd:  91
NB mr_low_rdd:  91
2018-10-27 10:06:33.739006 mr_low_rdd
NB nbLoc_rdd:  91
2018-10-27 10:06:33.877835 flat_rdd
excluKnownNon_rdd distinct:  91
NB mergeChromosomesResults:  91
2018-10-27 10:06:50.899201 mergeChromosomesResults_rdd
NB pri_vld_rdd (mircheck):  85
2018-10-27 10:07:04.292875 pri_vld_rdd (mircheck)
NB len300_rdd:  85
NB one_loop_rdd distinct :  84
2018-10-27 10:07:04.888975 pre_fold_rdd
NB pre_vld_rdd distinct (mirdup):  80
2018-10-27 10:07:26.191630 pre_vld_rdd distinct (mirdup)
NB mergeProfileChromo_rdd distinct:  80
NB mergeProfileChromo_rdd NON distinct:  218
2018-10-27 10:10:06.913343 mergeProfileChromo_rdd
2018-10-27 10:10:07.052237 mergeProfileChromo_rdd.collect()
miRNA predcition time for lib  high_conf_mature_ath_uniq_raw :  215.228682995
  End of miRNA prediction     
Lib 100	0:06:44.364490	404.364
Lib high_conf_mature_ath_uniq_raw	0:03:35.228683	215.229
Lib neg_ath1000	0:01:34.642840	94.643
PrecursorVis done
