starting org.apache.spark.deploy.master.Master, logging to /home/cjwu/.spark/2.3.0/log/spark-8267341-org.apache.spark.deploy.master.Master-1-gra807.out
localhost: starting org.apache.spark.deploy.worker.Worker, logging to /home/cjwu/.spark/2.3.0/log/spark-cjwu-org.apache.spark.deploy.worker.Worker-1-gra807.out

write your message (for stdout) here line1
line2: 
chromosomes=All


Verifying parameters ...

write your message (for stdout) here line1
line2: 
chromosomes=All


Verifying parameters ...
spark.executor.memory:  20g
spark.driver.memory:  20g
spark.master:  spark://gra807.graham.sharcnet:7077
spark.driver.memoryOverhead:  None
spark.executor.memoryOverhead:  None
spark.cores.max:  24
spark.executor.memory:  20g
spark.driver.memory:  20g
spark.master:  spark://gra807.graham.sharcnet:7077
spark.driver.memoryOverhead:  None
spark.executor.memoryOverhead:  None
spark.cores.max:  24
infiles:
fake_a3.txt
fake_a.txt

====================== mirLibSpark =========================
====================== app-20181012205040-0000 =================
Gap_Penalty :  -15
Max_Energy_cutoff :  -15
Max_Score_cutoff :  170
adapter :  none
b_index_path :  /home/cjwu/project/cjwu/gitRepo/mirLibSpark/dbs/ATH_TAIR10/bowtie_index/
bowtie_index_suffix :  ATH_TAIR10
chromosomes :  All
diffguide_file :  /home/cjwu/project/cjwu/gitRepo/mirLibSpark/diffguide_ath.txt
gene_vs_pathway_file :  /home/cjwu/project/cjwu/gitRepo/mirLibSpark/dbs/ATH_TAIR10/ath_gene_vs_pathway.txt
genome_path :  /home/cjwu/project/cjwu/gitRepo/mirLibSpark/dbs/ATH_TAIR10/Genome/
input_path :  /home/cjwu/project/cjwu/gitRepo/mirLibSpark/input/
input_type :  a
known_non_file :  /home/cjwu/project/cjwu/gitRepo/mirLibSpark/dbs/ATH_TAIR10/TAIR10_ncRNA_CDS.gff
limit_len :  18
limit_m_freq :  100
limit_nbLoc :  15
limit_s_freq :  10
mcheck_param :  def
mirdup_limit :  0.98
mirdup_model :  thaliana.model
nbTargets :  100
output_path :  /home/cjwu/project/cjwu/gitRepo/mirLibSpark/output/
pathway_description_file :  /home/cjwu/project/cjwu/gitRepo/mirLibSpark/dbs/ATH_TAIR10/ath_pathway_description.txt
perform_KEGGpathways_enrichment_analysis :  yes
perform_differnatial_analysis :  yes
pre_flank :  10
pri_l_flank :  500
pri_r_flank :  200
project_path :  /home/cjwu/project/cjwu/gitRepo/mirLibSpark/
sc_appname :  mirLibSpark
sc_execcores :  24
sc_execmemory :  20g
sc_master :  local[*]
sc_mstrmemory :  20g
sc_partition :  4
target_file :  /home/cjwu/project/cjwu/gitRepo/mirLibSpark/dbs/ATH_TAIR10/Arabidopsis_thaliana.TAIR10.cdna.all.fa
temperature :  25
============================================================

begin time: 2018-10-12 20:50:43.883358
--Processing of the library:  fake_a3.txt
  Start of miRNA prediction...
infiles:
fake_a3.txt
fake_a.txt

====================== mirLibSpark =========================
====================== app-20181012205041-0001 =================
Gap_Penalty :  -15
Max_Energy_cutoff :  -15
Max_Score_cutoff :  170
adapter :  none
b_index_path :  /home/cjwu/project/cjwu/gitRepo/mirLibSpark/dbs/ATH_TAIR10/bowtie_index/
bowtie_index_suffix :  ATH_TAIR10
chromosomes :  All
diffguide_file :  /home/cjwu/project/cjwu/gitRepo/mirLibSpark/diffguide_ath.txt
gene_vs_pathway_file :  /home/cjwu/project/cjwu/gitRepo/mirLibSpark/dbs/ATH_TAIR10/ath_gene_vs_pathway.txt
genome_path :  /home/cjwu/project/cjwu/gitRepo/mirLibSpark/dbs/ATH_TAIR10/Genome/
input_path :  /home/cjwu/project/cjwu/gitRepo/mirLibSpark/input/
input_type :  a
known_non_file :  /home/cjwu/project/cjwu/gitRepo/mirLibSpark/dbs/ATH_TAIR10/TAIR10_ncRNA_CDS.gff
limit_len :  18
limit_m_freq :  100
limit_nbLoc :  15
limit_s_freq :  10
mcheck_param :  def
mirdup_limit :  0.98
mirdup_model :  thaliana.model
nbTargets :  100
output_path :  /home/cjwu/project/cjwu/gitRepo/mirLibSpark/output/
pathway_description_file :  /home/cjwu/project/cjwu/gitRepo/mirLibSpark/dbs/ATH_TAIR10/ath_pathway_description.txt
perform_KEGGpathways_enrichment_analysis :  yes
perform_differnatial_analysis :  yes
pre_flank :  10
pri_l_flank :  500
pri_r_flank :  200
project_path :  /home/cjwu/project/cjwu/gitRepo/mirLibSpark/
sc_appname :  mirLibSpark
sc_execcores :  24
sc_execmemory :  20g
sc_master :  local[*]
sc_mstrmemory :  20g
sc_partition :  4
target_file :  /home/cjwu/project/cjwu/gitRepo/mirLibSpark/dbs/ATH_TAIR10/Arabidopsis_thaliana.TAIR10.cdna.all.fa
temperature :  25
============================================================

begin time: 2018-10-12 20:50:44.578974
--Processing of the library:  fake_a3.txt
  Start of miRNA prediction...
NB distFile_rdd:  3
NB sr_short_rdd:  3
NB dmask_rdd:  3
NB mergebowtie_rdd:  3
NB bowFrq_rdd:  3
NB flat_rdd not distinct:  5
NB pri_vld_rdd distinct (mircheck):  2
mergeChromosomesResults:  8
NB profile_rdd distinct:  2
  End of miRNA prediction     
--Processing of the library:  fake_a.txt
  Start of miRNA prediction...
NB distFile_rdd:  1
NB sr_short_rdd:  1
NB dmask_rdd:  1
NB mergebowtie_rdd:  1
NB bowFrq_rdd:  1
NB flat_rdd not distinct:  2
NB pri_vld_rdd distinct (mircheck):  1
mergeChromosomesResults:  4
NB profile_rdd distinct:  1
  End of miRNA prediction     
Lib fake_a3	0:01:02.592044	62.592
Lib fake_a	0:00:49.360238	49.360
PrecursorVis done
Target prediction done
sc stop time: 2018-10-12 20:53:17.375991
Differential analysis done
KEGG pathway annotation done
Calcul de l'enrechissement 
Impression des donnees
Calcul des pvalues 
Population size : 13
Fin normal du programme
KEGG pathway enrichment analysis done
finish time: 2018-10-12 20:53:18.459326
====================== End of app-20181012205040-0000 =============

NB distFile_rdd:  3
NB sr_short_rdd:  3
NB dmask_rdd:  3
NB mergebowtie_rdd:  3
NB bowFrq_rdd:  3
NB flat_rdd not distinct:  5
NB pri_vld_rdd distinct (mircheck):  2
mergeChromosomesResults:  8
NB profile_rdd distinct:  2
  End of miRNA prediction     
--Processing of the library:  fake_a.txt
  Start of miRNA prediction...
NB distFile_rdd:  1
NB sr_short_rdd:  1
NB dmask_rdd:  1
NB mergebowtie_rdd:  1
NB bowFrq_rdd:  1
NB flat_rdd not distinct:  2
NB pri_vld_rdd distinct (mircheck):  1
mergeChromosomesResults:  4
NB profile_rdd distinct:  1
  End of miRNA prediction     
Lib fake_a3	0:03:32.882668	212.883
Lib fake_a	0:00:46.564593	46.565
PrecursorVis done
Target prediction done
sc stop time: 2018-10-12 20:55:44.134190
Differential analysis done
KEGG pathway annotation done
Calcul de l'enrechissement 
Impression des donnees
Calcul des pvalues 
Population size : 13
Fin normal du programme
KEGG pathway enrichment analysis done
finish time: 2018-10-12 20:55:45.107635
====================== End of app-20181012205041-0001 =============

localhost: stopping org.apache.spark.deploy.worker.Worker
stopping org.apache.spark.deploy.master.Master
