Requirement already satisfied (use --upgrade to upgrade): requests in /home/cjwu/.local/lib/python2.7/site-packages
Requirement already satisfied (use --upgrade to upgrade): idna<2.8,>=2.5 in /home/cjwu/.local/lib/python2.7/site-packages (from requests)
Requirement already satisfied (use --upgrade to upgrade): chardet<3.1.0,>=3.0.2 in /home/cjwu/.local/lib/python2.7/site-packages (from requests)
Requirement already satisfied (use --upgrade to upgrade): urllib3<1.24,>=1.21.1 in /home/cjwu/.local/lib/python2.7/site-packages (from requests)
Requirement already satisfied (use --upgrade to upgrade): certifi>=2017.4.17 in /home/cjwu/.local/lib/python2.7/site-packages (from requests)
Requirement already satisfied (use --upgrade to upgrade): statsmodels in /home/cjwu/.local/lib/python2.7/site-packages (from -r requirements.txt (line 4))
Requirement already satisfied (use --upgrade to upgrade): seaborn in /home/cjwu/.local/lib/python2.7/site-packages (from -r requirements.txt (line 5))
Requirement already satisfied (use --upgrade to upgrade): scipy in /home/cjwu/.local/lib/python2.7/site-packages (from statsmodels->-r requirements.txt (line 4))
Requirement already satisfied (use --upgrade to upgrade): pandas in /home/cjwu/.local/lib/python2.7/site-packages (from statsmodels->-r requirements.txt (line 4))
Requirement already satisfied (use --upgrade to upgrade): patsy in /home/cjwu/.local/lib/python2.7/site-packages (from statsmodels->-r requirements.txt (line 4))
Requirement already satisfied (use --upgrade to upgrade): numpy>=1.8.2 in /home/cjwu/.local/lib/python2.7/site-packages (from scipy->statsmodels->-r requirements.txt (line 4))
Requirement already satisfied (use --upgrade to upgrade): pytz>=2011k in /home/cjwu/.local/lib/python2.7/site-packages (from pandas->statsmodels->-r requirements.txt (line 4))
Requirement already satisfied (use --upgrade to upgrade): python-dateutil>=2.5.0 in /home/cjwu/.local/lib/python2.7/site-packages (from pandas->statsmodels->-r requirements.txt (line 4))
Requirement already satisfied (use --upgrade to upgrade): six in /home/cjwu/.local/lib/python2.7/site-packages (from patsy->statsmodels->-r requirements.txt (line 4))
starting org.apache.spark.deploy.master.Master, logging to /home/cjwu/.spark/2.3.0/log/spark-8519914-org.apache.spark.deploy.master.Master-1-gra658.out
localhost: starting org.apache.spark.deploy.worker.Worker, logging to /home/cjwu/.spark/2.3.0/log/spark-cjwu-org.apache.spark.deploy.worker.Worker-1-gra658.out

write your message (for stdout) here line1
line2: 
Chr=3A

Verifying parameters ...
============================================================

Gap_Penalty :  -15
Max_Energy_cutoff :  -15
Max_Score_cutoff :  170
adapter :  TGGAATTCTCGGGTGCCAAGGAACTC
b_index_path :  /home/cjwu/project/cjwu/gitRepo/mirLibSpark/dbs/WHEAT_IWGSC/bowtie_index/
bowtie_index_suffix :  WHEAT_IWGSC
chromosomes :  3A
diffguide_file :  /home/cjwu/project/cjwu/gitRepo/mirLibSpark/diffguide_wheat.txt
gene_vs_pathway_file :  /home/cjwu/project/cjwu/gitRepo/mirLibSpark/dbs/WHEAT_IWGSC/ko_gene_vs_pathway.txt
genome_path :  /home/cjwu/project/cjwu/gitRepo/mirLibSpark/dbs/WHEAT_IWGSC/Genome/
input_path :  /home/cjwu/project/cjwu/gitRepo/mirLibSpark/input/
input_type :  c
known_non_file :  /home/cjwu/project/cjwu/gitRepo/mirLibSpark/dbs/ATH_TAIR10/TAIR10_ncRNA_CDS.gff
limit_len :  18
limit_m_freq :  100
limit_nbLoc :  15
limit_s_freq :  10
mcheck_param :  def
mirdup_limit :  0.98
mirdup_model :  thaliana.model
nbTargets :  100
output_path :  /home/cjwu/project/cjwu/gitRepo/mirLibSpark/output/
pathway_description_file :  /home/cjwu/project/cjwu/gitRepo/mirLibSpark/dbs/WHEAT_IWGSC/ko_pathway_description.txt
perform_KEGGpathways_enrichment_analysis :  no
perform_differnatial_analysis :  no
pre_flank :  10
pri_l_flank :  500
pri_r_flank :  200
project_path :  /home/cjwu/project/cjwu/gitRepo/mirLibSpark/
sc_appname :  mirLibSpark
sc_execcores :  32
sc_execmemory :  20g
sc_master :  local[*]
sc_mstrmemory :  20g
sc_partition :  64
target_file :  /home/cjwu/project/cjwu/gitRepo/mirLibSpark/dbs/WHEAT_IWGSC/mRNA_contigs_smaller.fasta
temperature :  25
============================================================

infiles:
11w2013_t2_1.fasta

====================== mirLibSpark =========================
====================== local-1540183018257 =================
============================================================

begin time: 2018-10-22 00:37:00.816997
--Processing of the library:  11w2013_t2_1.fasta
  Start of miRNA prediction...
NB distFile_rdd:  42375314
NB sr_short_rdd:  84171
NB dmask_rdd:  83970
current time: 2018-10-22 00:37:29.464044
NB mergebowtie_rdd:  21629
current time: 2018-10-22 00:37:36.491347
NB bowFrq_rdd:  21629
current time: 2018-10-22 00:37:38.045604
NB flat_rdd not distinct:  3873
current time: 2018-10-22 00:37:38.250485
mergeChromosomesResults:  376
current time: 2018-10-22 00:41:02.933114
pre_fold_rdd:  376
current time: 2018-10-22 00:41:05.381060
NB pre_vld_rdd distinct (mirdup):  90
current time: 2018-10-22 00:41:42.067467
creating dict_bowtie_chromo_strand
current time: 2018-10-22 00:41:50.437990
NB profile_rdd distinct:  61
current time: 2018-10-22 00:43:14.699802
  End of miRNA prediction     
Lib 11w2013_t2_1	0:06:13.882873	373.883
PrecursorVis done
Target prediction done
sc stop time: 2018-10-22 00:46:51.547406
finish time: 2018-10-22 00:46:51.548161
====================== End of local-1540183018257 =============

localhost: stopping org.apache.spark.deploy.worker.Worker
stopping org.apache.spark.deploy.master.Master
